<?xml version="1.0" encoding="UTF-8"?>
<!-- Generated by org.testng.reporters.JUnitXMLReporter -->
<testsuite hostname="DeeLo-PC" ignored="0" name="Login Application" tests="5" failures="3" timestamp="2021-02-17T06:06:02 IST" time="71.778" errors="0">
  <testcase name="loginDDT" time="14.661" classname="com.sdet.testCases.TC_LoginDDT_002"/>
  <testcase name="loginDDT" time="6.252" classname="com.sdet.testCases.TC_LoginDDT_002">
    <failure type="java.lang.AssertionError">
      <![CDATA[java.lang.AssertionError
at org.junit.Assert.fail(Assert.java:86)
at org.junit.Assert.assertTrue(Assert.java:41)
at org.junit.Assert.assertTrue(Assert.java:52)
at com.sdet.testCases.TC_LoginDDT_002.loginDDT(TC_LoginDDT_002.java:53)
at java.util.ArrayList.forEach(ArrayList.java:1257)
... Removed 27 stack frames]]>
    </failure>
  </testcase> <!-- loginDDT -->
  <testcase name="loginDDT" time="10.036" classname="com.sdet.testCases.TC_LoginDDT_002">
    <failure type="java.lang.AssertionError">
      <![CDATA[java.lang.AssertionError
at org.junit.Assert.fail(Assert.java:86)
at org.junit.Assert.assertTrue(Assert.java:41)
at org.junit.Assert.assertTrue(Assert.java:52)
at com.sdet.testCases.TC_LoginDDT_002.loginDDT(TC_LoginDDT_002.java:53)
at java.util.ArrayList.forEach(ArrayList.java:1257)
... Removed 27 stack frames]]>
    </failure>
  </testcase> <!-- loginDDT -->
  <testcase name="loginDDT" time="14.692" classname="com.sdet.testCases.TC_LoginDDT_002"/>
  <testcase name="loginDDT" time="8.758" classname="com.sdet.testCases.TC_LoginDDT_002">
    <failure type="java.lang.AssertionError">
      <![CDATA[java.lang.AssertionError
at org.junit.Assert.fail(Assert.java:86)
at org.junit.Assert.assertTrue(Assert.java:41)
at org.junit.Assert.assertTrue(Assert.java:52)
at com.sdet.testCases.TC_LoginDDT_002.loginDDT(TC_LoginDDT_002.java:53)
at java.util.ArrayList.forEach(ArrayList.java:1257)
... Removed 27 stack frames]]>
    </failure>
  </testcase> <!-- loginDDT -->
</testsuite> <!-- Login Application -->
